[04-Aug-2021 13:47:14 UTC] PHP Fatal error:  Uncaught Error: Call to undefined function wb_head() in C:\Users\Svyatoslav\Desktop\wordpress\app\public\wp-content\themes\awesomeTheme\header.php:6
Stack trace:
#0 C:\Users\Svyatoslav\Desktop\wordpress\app\public\wp-includes\template.php(770): require_once()
#1 C:\Users\Svyatoslav\Desktop\wordpress\app\public\wp-includes\template.php(716): load_template('C:\\Users\\Svyato...', true, Array)
#2 C:\Users\Svyatoslav\Desktop\wordpress\app\public\wp-includes\general-template.php(48): locate_template(Array, true, true, Array)
#3 C:\Users\Svyatoslav\Desktop\wordpress\app\public\wp-content\themes\awesomeTheme\index.php(1): get_header()
#4 C:\Users\Svyatoslav\Desktop\wordpress\app\public\wp-includes\template-loader.php(106): include('C:\\Users\\Svyato...')
#5 C:\Users\Svyatoslav\Desktop\wordpress\app\public\wp-blog-header.php(19): require_once('C:\\Users\\Svyato...')
#6 C:\Users\Svyatoslav\Desktop\wordpress\app\public\index.php(17): require('C:\\Users\\Svyato...')
#7 {main}
  thrown in C:\Users\Svyatoslav\Desktop\wordpress\app\public\wp-content\themes\awesomeTheme\header.php on line 6
[04-Aug-2021 13:47:30 UTC] PHP Fatal error:  Uncaught Error: Call to undefined function wb_head() in C:\Users\Svyatoslav\Desktop\wordpress\app\public\wp-content\themes\awesomeTheme\header.php:6
Stack trace:
#0 C:\Users\Svyatoslav\Desktop\wordpress\app\public\wp-includes\template.php(770): require_once()
#1 C:\Users\Svyatoslav\Desktop\wordpress\app\public\wp-includes\template.php(716): load_template('C:\\Users\\Svyato...', true, Array)
#2 C:\Users\Svyatoslav\Desktop\wordpress\app\public\wp-includes\general-template.php(48): locate_template(Array, true, true, Array)
#3 C:\Users\Svyatoslav\Desktop\wordpress\app\public\wp-content\themes\awesomeTheme\index.php(1): get_header()
#4 C:\Users\Svyatoslav\Desktop\wordpress\app\public\wp-includes\template-loader.php(106): include('C:\\Users\\Svyato...')
#5 C:\Users\Svyatoslav\Desktop\wordpress\app\public\wp-blog-header.php(19): require_once('C:\\Users\\Svyato...')
#6 C:\Users\Svyatoslav\Desktop\wordpress\app\public\index.php(17): require('C:\\Users\\Svyato...')
#7 {main}
  thrown in C:\Users\Svyatoslav\Desktop\wordpress\app\public\wp-content\themes\awesomeTheme\header.php on line 6
[04-Aug-2021 13:47:38 UTC] PHP Fatal error:  Uncaught Error: Call to undefined function wb_head() in C:\Users\Svyatoslav\Desktop\wordpress\app\public\wp-content\themes\awesomeTheme\header.php:6
Stack trace:
#0 C:\Users\Svyatoslav\Desktop\wordpress\app\public\wp-includes\template.php(770): require_once()
#1 C:\Users\Svyatoslav\Desktop\wordpress\app\public\wp-includes\template.php(716): load_template('C:\\Users\\Svyato...', true, Array)
#2 C:\Users\Svyatoslav\Desktop\wordpress\app\public\wp-includes\general-template.php(48): locate_template(Array, true, true, Array)
#3 C:\Users\Svyatoslav\Desktop\wordpress\app\public\wp-content\themes\awesomeTheme\index.php(1): get_header()
#4 C:\Users\Svyatoslav\Desktop\wordpress\app\public\wp-includes\template-loader.php(106): include('C:\\Users\\Svyato...')
#5 C:\Users\Svyatoslav\Desktop\wordpress\app\public\wp-blog-header.php(19): require_once('C:\\Users\\Svyato...')
#6 C:\Users\Svyatoslav\Desktop\wordpress\app\public\index.php(17): require('C:\\Users\\Svyato...')
#7 {main}
  thrown in C:\Users\Svyatoslav\Desktop\wordpress\app\public\wp-content\themes\awesomeTheme\header.php on line 6
[04-Aug-2021 19:01:19 UTC] PHP Fatal error:  Cannot redeclare add_theme_support() (previously declared in C:\Users\Svyatoslav\Desktop\wordpress\app\public\wp-includes\theme.php:2519) in C:\Users\Svyatoslav\Desktop\wordpress\app\public\wp-content\themes\awesomeTheme\functions.php on line 10
[04-Aug-2021 19:01:19 UTC] PHP Stack trace:
[04-Aug-2021 19:01:19 UTC] PHP   1. {main}() C:\Users\Svyatoslav\Desktop\wordpress\app\public\wp-admin\admin-ajax.php:0
[04-Aug-2021 19:01:19 UTC] PHP   2. require_once() C:\Users\Svyatoslav\Desktop\wordpress\app\public\wp-admin\admin-ajax.php:22
[04-Aug-2021 19:01:20 UTC] PHP   3. require_once() C:\Users\Svyatoslav\Desktop\wordpress\app\public\wp-load.php:50
[04-Aug-2021 19:01:20 UTC] PHP   4. require_once() C:\Users\Svyatoslav\Desktop\wordpress\app\public\wp-config.php:77
[07-Aug-2021 07:35:03 UTC] PHP Parse error:  syntax error, unexpected 'else' (T_ELSE), expecting end of file in C:\Users\Svyatoslav\Desktop\wordpress\app\public\wp-content\themes\awesomeTheme\content.php on line 19
[09-Aug-2021 05:41:32 UTC] PHP Warning:  call_user_func_array() expects parameter 1 to be a valid callback, function 'awesome_theme_setup' not found or invalid function name in C:\Users\Svyatoslav\Desktop\wordpress\app\public\wp-includes\class-wp-hook.php on line 303
[09-Aug-2021 05:41:32 UTC] PHP Stack trace:
[09-Aug-2021 05:41:32 UTC] PHP   1. {main}() C:\Users\Svyatoslav\Desktop\wordpress\app\public\index.php:0
[09-Aug-2021 05:41:32 UTC] PHP   2. require() C:\Users\Svyatoslav\Desktop\wordpress\app\public\index.php:17
[09-Aug-2021 05:41:32 UTC] PHP   3. require_once() C:\Users\Svyatoslav\Desktop\wordpress\app\public\wp-blog-header.php:13
[09-Aug-2021 05:41:32 UTC] PHP   4. require_once() C:\Users\Svyatoslav\Desktop\wordpress\app\public\wp-load.php:50
[09-Aug-2021 05:41:32 UTC] PHP   5. require_once() C:\Users\Svyatoslav\Desktop\wordpress\app\public\wp-config.php:77
[09-Aug-2021 05:41:32 UTC] PHP   6. do_action() C:\Users\Svyatoslav\Desktop\wordpress\app\public\wp-settings.php:578
[09-Aug-2021 05:41:32 UTC] PHP   7. WP_Hook->do_action() C:\Users\Svyatoslav\Desktop\wordpress\app\public\wp-includes\plugin.php:470
[09-Aug-2021 05:41:32 UTC] PHP   8. WP_Hook->apply_filters() C:\Users\Svyatoslav\Desktop\wordpress\app\public\wp-includes\class-wp-hook.php:327
[09-Aug-2021 05:41:33 UTC] PHP Warning:  call_user_func_array() expects parameter 1 to be a valid callback, function 'awesome_theme_setup' not found or invalid function name in C:\Users\Svyatoslav\Desktop\wordpress\app\public\wp-includes\class-wp-hook.php on line 303
[09-Aug-2021 05:41:33 UTC] PHP Stack trace:
[09-Aug-2021 05:41:33 UTC] PHP   1. {main}() C:\Users\Svyatoslav\Desktop\wordpress\app\public\index.php:0
[09-Aug-2021 05:41:33 UTC] PHP   2. require() C:\Users\Svyatoslav\Desktop\wordpress\app\public\index.php:17
[09-Aug-2021 05:41:33 UTC] PHP   3. require_once() C:\Users\Svyatoslav\Desktop\wordpress\app\public\wp-blog-header.php:13
[09-Aug-2021 05:41:33 UTC] PHP   4. require_once() C:\Users\Svyatoslav\Desktop\wordpress\app\public\wp-load.php:50
[09-Aug-2021 05:41:33 UTC] PHP   5. require_once() C:\Users\Svyatoslav\Desktop\wordpress\app\public\wp-config.php:77
[09-Aug-2021 05:41:33 UTC] PHP   6. do_action() C:\Users\Svyatoslav\Desktop\wordpress\app\public\wp-settings.php:578
[09-Aug-2021 05:41:33 UTC] PHP   7. WP_Hook->do_action() C:\Users\Svyatoslav\Desktop\wordpress\app\public\wp-includes\plugin.php:470
[09-Aug-2021 05:41:33 UTC] PHP   8. WP_Hook->apply_filters() C:\Users\Svyatoslav\Desktop\wordpress\app\public\wp-includes\class-wp-hook.php:327
[09-Aug-2021 05:41:48 UTC] PHP Warning:  call_user_func_array() expects parameter 1 to be a valid callback, function 'awesome_theme_setup' not found or invalid function name in C:\Users\Svyatoslav\Desktop\wordpress\app\public\wp-includes\class-wp-hook.php on line 303
[09-Aug-2021 05:41:48 UTC] PHP Stack trace:
[09-Aug-2021 05:41:48 UTC] PHP   1. {main}() C:\Users\Svyatoslav\Desktop\wordpress\app\public\wp-admin\admin-ajax.php:0
[09-Aug-2021 05:41:48 UTC] PHP   2. require_once() C:\Users\Svyatoslav\Desktop\wordpress\app\public\wp-admin\admin-ajax.php:22
[09-Aug-2021 05:41:48 UTC] PHP   3. require_once() C:\Users\Svyatoslav\Desktop\wordpress\app\public\wp-load.php:50
[09-Aug-2021 05:41:48 UTC] PHP   4. require_once() C:\Users\Svyatoslav\Desktop\wordpress\app\public\wp-config.php:77
[09-Aug-2021 05:41:48 UTC] PHP   5. do_action() C:\Users\Svyatoslav\Desktop\wordpress\app\public\wp-settings.php:578
[09-Aug-2021 05:41:48 UTC] PHP   6. WP_Hook->do_action() C:\Users\Svyatoslav\Desktop\wordpress\app\public\wp-includes\plugin.php:470
[09-Aug-2021 05:41:48 UTC] PHP   7. WP_Hook->apply_filters() C:\Users\Svyatoslav\Desktop\wordpress\app\public\wp-includes\class-wp-hook.php:327
[09-Aug-2021 06:02:09 UTC] PHP Fatal error:  Uncaught Error: Class 'WP_Bootstrap_Navwalker' not found in C:\Users\Svyatoslav\Desktop\wordpress\app\public\wp-content\themes\awesomeTheme\header.php:40
Stack trace:
#0 C:\Users\Svyatoslav\Desktop\wordpress\app\public\wp-includes\template.php(770): require_once()
#1 C:\Users\Svyatoslav\Desktop\wordpress\app\public\wp-includes\template.php(716): load_template('C:\\Users\\Svyato...', true, Array)
#2 C:\Users\Svyatoslav\Desktop\wordpress\app\public\wp-includes\general-template.php(48): locate_template(Array, true, true, Array)
#3 C:\Users\Svyatoslav\Desktop\wordpress\app\public\wp-content\themes\awesomeTheme\page-home.php(1): get_header()
#4 C:\Users\Svyatoslav\Desktop\wordpress\app\public\wp-includes\template-loader.php(106): include('C:\\Users\\Svyato...')
#5 C:\Users\Svyatoslav\Desktop\wordpress\app\public\wp-blog-header.php(19): require_once('C:\\Users\\Svyato...')
#6 C:\Users\Svyatoslav\Desktop\wordpress\app\public\index.php(17): require('C:\\Users\\Svyato...')
#7 {main}
  thrown in C:\Users\Svyatoslav\Desktop\wordpress\app\public\wp-content\themes\awesomeTheme\header.php on line 40
[12-Aug-2021 13:05:39 UTC] PHP Parse error:  syntax error, unexpected '.' in C:\Users\Svyatoslav\Desktop\wordpress\app\public\wp-content\themes\awesomeTheme\index.php on line 21
